<?xml version="1.0" encoding="utf-8"?>
<coverage line-rate="0.8631" branch-rate="0.6674" version="1.9" timestamp="1779136413" lines-covered="1633" lines-valid="1892" branches-covered="275" branches-valid="412">
  <sources>
    <source>E:\vscode\Zenn\Know_MCPServer\src\QuartzKnowledgeMcp.Api\</source>
  </sources>
  <packages>
    <package name="QuartzKnowledgeMcp.Api" line-rate="0.8631" branch-rate="0.6674" complexity="736">
      <classes>
        <class name="System.Text.RegularExpressions.Generated.&lt;RegexGenerator_g&gt;F2866C37F114E33BC1EBEFBB4C8AAD0C1493ED10F073F4A56865E74B4DA77314D__BulletPrefixRegex_0" filename="obj\Debug\net10.0\System.Text.RegularExpressions.Generator\System.Text.RegularExpressions.Generator.RegexGenerator\RegexGenerator.g.cs" line-rate="1" branch-rate="1" complexity="2">
          <methods>
            <method name=".ctor" signature="()" line-rate="1" branch-rate="1" complexity="1">
              <lines>
                <line number="95" hits="1" branch="False" />
                <line number="96" hits="1" branch="False" />
                <line number="97" hits="1" branch="False" />
                <line number="98" hits="1" branch="False" />
                <line number="99" hits="1" branch="False" />
                <line number="100" hits="1" branch="False" />
                <line number="101" hits="1" branch="False" />
                <line number="102" hits="1" branch="False" />
                <line number="103" hits="1" branch="False" />
              </lines>
            </method>
            <method name=".cctor" signature="()" line-rate="1" branch-rate="1" complexity="1">
              <lines>
                <line number="92" hits="1" branch="False" />
              </lines>
            </method>
          </methods>
          <lines>
            <line number="95" hits="1" branch="False" />
            <line number="96" hits="1" branch="False" />
            <line number="97" hits="1" branch="False" />
            <line number="98" hits="1" branch="False" />
            <line number="99" hits="1" branch="False" />
            <line number="100" hits="1" branch="False" />
            <line number="101" hits="1" branch="False" />
            <line number="102" hits="1" branch="False" />
            <line number="103" hits="1" branch="False" />
            <line number="92" hits="1" branch="False" />
          </lines>
        </class>
        <class name="System.Text.RegularExpressions.Generated.&lt;RegexGenerator_g&gt;F2866C37F114E33BC1EBEFBB4C8AAD0C1493ED10F073F4A56865E74B4DA77314D__BulletPrefixRegex_0/RunnerFactory" filename="obj\Debug\net10.0\System.Text.RegularExpressions.Generator\System.Text.RegularExpressions.Generator.RegexGenerator\RegexGenerator.g.cs" line-rate="1" branch-rate="1" complexity="1">
          <methods>
            <method name="CreateInstance" signature="()" line-rate="1" branch-rate="1" complexity="1">
              <lines>
                <line number="109" hits="4" branch="False" />
              </lines>
            </method>
          </methods>
          <lines>
            <line number="109" hits="4" branch="False" />
          </lines>
        </class>
        <class name="System.Text.RegularExpressions.Generated.&lt;RegexGenerator_g&gt;F2866C37F114E33BC1EBEFBB4C8AAD0C1493ED10F073F4A56865E74B4DA77314D__BulletPrefixRegex_0/RunnerFactory/Runner" filename="obj\Debug\net10.0\System.Text.RegularExpressions.Generator\System.Text.RegularExpressions.Generator.RegexGenerator\RegexGenerator.g.cs" line-rate="0.6744" branch-rate="0.5277000000000001" complexity="36">
          <methods>
            <method name="Scan" signature="(System.ReadOnlySpan`1&lt;System.Char&gt;)" line-rate="1" branch-rate="1" complexity="4">
              <lines>
                <line number="117" hits="119" branch="False" />
                <line number="119" hits="119" branch="True" condition-coverage="100% (4/4)">
                  <conditions>
                    <condition number="8" type="jump" coverage="100%" />
                    <condition number="25" type="jump" coverage="100%" />
                  </conditions>
                </line>
                <line number="120" hits="39" branch="False" />
                <line number="121" hits="39" branch="False" />
                <line number="122" hits="39" branch="False" />
                <line number="123" hits="119" branch="False" />
              </lines>
            </method>
            <method name="TryFindNextPossibleStartingPosition" signature="(System.ReadOnlySpan`1&lt;System.Char&gt;)" line-rate="1" branch-rate="1" complexity="4">
              <lines>
                <line number="129" hits="119" branch="False" />
                <line number="130" hits="119" branch="False" />
                <line number="133" hits="119" branch="True" condition-coverage="100% (2/2)">
                  <conditions>
                    <condition number="25" type="jump" coverage="100%" />
                  </conditions>
                </line>
                <line number="134" hits="119" branch="False" />
                <line number="136" hits="119" branch="True" condition-coverage="100% (2/2)">
                  <conditions>
                    <condition number="34" type="jump" coverage="100%" />
                  </conditions>
                </line>
                <line number="137" hits="79" branch="False" />
                <line number="138" hits="79" branch="False" />
                <line number="140" hits="40" branch="False" />
                <line number="143" hits="40" branch="False" />
                <line number="144" hits="40" branch="False" />
                <line number="145" hits="119" branch="False" />
              </lines>
            </method>
            <method name="TryMatchAtCurrentPosition" signature="(System.ReadOnlySpan`1&lt;System.Char&gt;)" line-rate="0.5942000000000001" branch-rate="0.39280000000000004" complexity="28">
              <lines>
                <line number="151" hits="79" branch="False" />
                <line number="152" hits="79" branch="False" />
                <line number="153" hits="79" branch="False" />
                <line number="155" hits="79" branch="False" />
                <line number="158" hits="79" branch="True" condition-coverage="50% (1/2)">
                  <conditions>
                    <condition number="27" type="jump" coverage="50%" />
                  </conditions>
                </line>
                <line number="159" hits="0" branch="False" />
                <line number="160" hits="0" branch="False" />
                <line number="164" hits="79" branch="False" />
                <line number="165" hits="79" branch="False" />
                <line number="168" hits="79" branch="False" />
                <line number="170" hits="79" branch="True" condition-coverage="75% (3/4)">
                  <conditions>
                    <condition number="50" type="jump" coverage="50%" />
                    <condition number="88" type="jump" coverage="100%" />
                  </conditions>
                </line>
                <line number="171" hits="39" branch="False" />
                <line number="172" hits="39" branch="False" />
                <line number="176" hits="40" branch="False" />
                <line number="177" hits="40" branch="False" />
                <line number="178" hits="40" branch="False" />
                <line number="179" hits="40" branch="False" />
                <line number="180" hits="80" branch="True" condition-coverage="75% (3/4)">
                  <conditions>
                    <condition number="153" type="jump" coverage="100%" />
                    <condition number="129" type="jump" coverage="50%" />
                  </conditions>
                </line>
                <line number="181" hits="40" branch="False" />
                <line number="182" hits="40" branch="False" />
                <line number="183" hits="40" branch="False" />
                <line number="185" hits="40" branch="True" condition-coverage="50% (1/2)">
                  <conditions>
                    <condition number="164" type="jump" coverage="50%" />
                  </conditions>
                </line>
                <line number="186" hits="0" branch="False" />
                <line number="187" hits="0" branch="False" />
                <line number="190" hits="40" branch="False" />
                <line number="191" hits="40" branch="False" />
                <line number="192" hits="40" branch="False" />
                <line number="194" hits="40" branch="False" />
                <line number="196" hits="39" branch="False" />
                <line number="197" hits="39" branch="False" />
                <line number="198" hits="39" branch="False" />
                <line number="199" hits="39" branch="False" />
                <line number="202" hits="39" branch="False" />
                <line number="204" hits="39" branch="False" />
                <line number="205" hits="39" branch="False" />
                <line number="206" hits="39" branch="True" condition-coverage="50% (2/4)">
                  <conditions>
                    <condition number="252" type="jump" coverage="50%" />
                    <condition number="228" type="jump" coverage="50%" />
                  </conditions>
                </line>
                <line number="207" hits="0" branch="False" />
                <line number="208" hits="0" branch="False" />
                <line number="209" hits="0" branch="False" />
                <line number="211" hits="39" branch="True" condition-coverage="50% (1/2)">
                  <conditions>
                    <condition number="263" type="jump" coverage="50%" />
                  </conditions>
                </line>
                <line number="212" hits="39" branch="False" />
                <line number="213" hits="39" branch="False" />
                <line number="216" hits="0" branch="False" />
                <line number="217" hits="0" branch="False" />
                <line number="218" hits="0" branch="False" />
                <line number="221" hits="0" branch="True" condition-coverage="0% (0/4)">
                  <conditions>
                    <condition number="297" type="jump" coverage="0%" />
                    <condition number="322" type="jump" coverage="0%" />
                  </conditions>
                </line>
                <line number="222" hits="0" branch="False" />
                <line number="223" hits="0" branch="False" />
                <line number="227" hits="0" branch="False" />
                <line number="228" hits="0" branch="False" />
                <line number="229" hits="0" branch="False" />
                <line number="230" hits="0" branch="False" />
                <line number="231" hits="0" branch="True" condition-coverage="0% (0/4)">
                  <conditions>
                    <condition number="390" type="jump" coverage="0%" />
                    <condition number="366" type="jump" coverage="0%" />
                  </conditions>
                </line>
                <line number="232" hits="0" branch="False" />
                <line number="233" hits="0" branch="False" />
                <line number="234" hits="0" branch="False" />
                <line number="236" hits="0" branch="True" condition-coverage="0% (0/2)">
                  <conditions>
                    <condition number="401" type="jump" coverage="0%" />
                  </conditions>
                </line>
                <line number="237" hits="0" branch="False" />
                <line number="238" hits="0" branch="False" />
                <line number="241" hits="0" branch="False" />
                <line number="242" hits="0" branch="False" />
                <line number="243" hits="0" branch="False" />
                <line number="245" hits="0" branch="False" />
                <line number="247" hits="80" branch="False" />
                <line number="248" hits="40" branch="False" />
                <line number="251" hits="40" branch="False" />
                <line number="252" hits="40" branch="False" />
                <line number="253" hits="40" branch="False" />
                <line number="254" hits="79" branch="False" />
              </lines>
            </method>
          </methods>
          <lines>
            <line number="117" hits="119" branch="False" />
            <line number="119" hits="119" branch="True" condition-coverage="100% (4/4)">
              <conditions>
                <condition number="8" type="jump" coverage="100%" />
                <condition number="25" type="jump" coverage="100%" />
              </conditions>
            </line>
            <line number="120" hits="39" branch="False" />
            <line number="121" hits="39" branch="False" />
            <line number="122" hits="39" branch="False" />
            <line number="123" hits="119" branch="False" />
            <line number="129" hits="119" branch="False" />
            <line number="130" hits="119" branch="False" />
            <line number="133" hits="119" branch="True" condition-coverage="100% (2/2)">
              <conditions>
                <condition number="25" type="jump" coverage="100%" />
              </conditions>
            </line>
            <line number="134" hits="119" branch="False" />
            <line number="136" hits="119" branch="True" condition-coverage="100% (2/2)">
              <conditions>
                <condition number="34" type="jump" coverage="100%" />
              </conditions>
            </line>
            <line number="137" hits="79" branch="False" />
            <line number="138" hits="79" branch="False" />
            <line number="140" hits="40" branch="False" />
            <line number="143" hits="40" branch="False" />
            <line number="144" hits="40" branch="False" />
            <line number="145" hits="119" branch="False" />
            <line number="151" hits="79" branch="False" />
            <line number="152" hits="79" branch="False" />
            <line number="153" hits="79" branch="False" />
            <line number="155" hits="79" branch="False" />
            <line number="158" hits="79" branch="True" condition-coverage="50% (1/2)">
              <conditions>
                <condition number="27" type="jump" coverage="50%" />
              </conditions>
            </line>
            <line number="159" hits="0" branch="False" />
            <line number="160" hits="0" branch="False" />
            <line number="164" hits="79" branch="False" />
            <line number="165" hits="79" branch="False" />
            <line number="168" hits="79" branch="False" />
            <line number="170" hits="79" branch="True" condition-coverage="75% (3/4)">
              <conditions>
                <condition number="50" type="jump" coverage="50%" />
                <condition number="88" type="jump" coverage="100%" />
              </conditions>
            </line>
            <line number="171" hits="39" branch="False" />
            <line number="172" hits="39" branch="False" />
            <line number="176" hits="40" branch="False" />
            <line number="177" hits="40" branch="False" />
            <line number="178" hits="40" branch="False" />
            <line number="179" hits="40" branch="False" />
            <line number="180" hits="80" branch="True" condition-coverage="75% (3/4)">
              <conditions>
                <condition number="153" type="jump" coverage="100%" />
                <condition number="129" type="jump" coverage="50%" />
              </conditions>
            </line>
            <line number="181" hits="40" branch="False" />
            <line number="182" hits="40" branch="False" />
            <line number="183" hits="40" branch="False" />
            <line number="185" hits="40" branch="True" condition-coverage="50% (1/2)">
              <conditions>
                <condition number="164" type="jump" coverage="50%" />
              </conditions>
            </line>
            <line number="186" hits="0" branch="False" />
            <line number="187" hits="0" branch="False" />
            <line number="190" hits="40" branch="False" />
            <line number="191" hits="40" branch="False" />
            <line number="192" hits="40" branch="False" />
            <line number="194" hits="40" branch="False" />
            <line number="196" hits="39" branch="False" />
            <line number="197" hits="39" branch="False" />
            <line number="198" hits="39" branch="False" />
            <line number="199" hits="39" branch="False" />
            <line number="202" hits="39" branch="False" />
            <line number="204" hits="39" branch="False" />
            <line number="205" hits="39" branch="False" />
            <line number="206" hits="39" branch="True" condition-coverage="50% (2/4)">
              <conditions>
                <condition number="252" type="jump" coverage="50%" />
                <condition number="228" type="jump" coverage="50%" />
              </conditions>
            </line>
            <line number="207" hits="0" branch="False" />
            <line number="208" hits="0" branch="False" />
            <line number="209" hits="0" branch="False" />
            <line number="211" hits="39" branch="True" condition-coverage="50% (1/2)">
              <conditions>
                <condition number="263" type="jump" coverage="50%" />
              </conditions>
            </line>
            <line number="212" hits="39" branch="False" />
            <line number="213" hits="39" branch="False" />
            <line number="216" hits="0" branch="False" />
            <line number="217" hits="0" branch="False" />
            <line number="218" hits="0" branch="False" />
            <line number="221" hits="0" branch="True" condition-coverage="0% (0/4)">
              <conditions>
                <condition number="297" type="jump" coverage="0%" />
                <condition number="322" type="jump" coverage="0%" />
              </conditions>
            </line>
            <line number="222" hits="0" branch="False" />
            <line number="223" hits="0" branch="False" />
            <line number="227" hits="0" branch="False" />
            <line number="228" hits="0" branch="False" />
            <line number="229" hits="0" branch="False" />
            <line number="230" hits="0" branch="False" />
            <line number="231" hits="0" branch="True" condition-coverage="0% (0/4)">
              <conditions>
                <condition number="390" type="jump" coverage="0%" />
                <condition number="366" type="jump" coverage="0%" />
              </conditions>
            </line>
            <line number="232" hits="0" branch="False" />
            <line number="233" hits="0" branch="False" />
            <line number="234" hits="0" branch="False" />
            <line number="236" hits="0" branch="True" condition-coverage="0% (0/2)">
              <conditions>
                <condition number="401" type="jump" coverage="0%" />
              </conditions>
            </line>
            <line number="237" hits="0" branch="False" />
            <line number="238" hits="0" branch="False" />
            <line number="241" hits="0" branch="False" />
            <line number="242" hits="0" branch="False" />
            <line number="243" hits="0" branch="False" />
            <line number="245" hits="0" branch="False" />
            <line number="247" hits="80" branch="False" />
            <line number="248" hits="40" branch="False" />
            <line number="251" hits="40" branch="False" />
            <line number="252" hits="40" branch="False" />
            <line number="253" hits="40" branch="False" />
            <line number="254" hits="79" branch="False" />
          </lines>
        </class>
        <class name="System.Text.RegularExpressions.Generated.&lt;RegexGenerator_g&gt;F2866C37F114E33BC1EBEFBB4C8AAD0C1493ED10F073F4A56865E74B4DA77314D__MarkdownLinkRegex_1" filename="obj\Debug\net10.0\System.Text.RegularExpressions.Generator\System.Text.RegularExpressions.Generator.RegexGenerator\RegexGenerator.g.cs" line-rate="1" branch-rate="1" complexity="2">
          <methods>
            <method name=".ctor" signature="()" line-rate="1" branch-rate="1" complexity="1">
              <lines>
                <line number="268" hits="1" branch="False" />
                <line number="269" hits="1" branch="False" />
                <line number="270" hits="1" branch="False" />
                <line number="271" hits="1" branch="False" />
                <line number="272" hits="1" branch="False" />
                <line number="273" hits="1" branch="False" />
                <line number="274" hits="1" branch="False" />
                <line number="275" hits="1" branch="False" />
                <line number="276" hits="1" branch="False" />
              </lines>
            </method>
            <method name=".cctor" signature="()" line-rate="1" branch-rate="1" complexity="1">
              <lines>
                <line number="265" hits="1" branch="False" />
              </lines>
            </method>
          </methods>
          <lines>
            <line number="268" hits="1" branch="False" />
            <line number="269" hits="1" branch="False" />
            <line number="270" hits="1" branch="False" />
            <line number="271" hits="1" branch="False" />
            <line number="272" hits="1" branch="False" />
            <line number="273" hits="1" branch="False" />
            <line number="274" hits="1" branch="False" />
            <line number="275" hits="1" branch="False" />
            <line number="276" hits="1" branch="False" />
            <line number="265" hits="1" branch="False" />
          </lines>
        </class>
        <class name="System.Text.RegularExpressions.Generated.&lt;RegexGenerator_g&gt;F2866C37F114E33BC1EBEFBB4C8AAD0C1493ED10F073F4A56865E74B4DA77314D__MarkdownLinkRegex_1/RunnerFactory" filename="obj\Debug\net10.0\System.Text.RegularExpressions.Generator\System.Text.RegularExpressions.Generator.RegexGenerator\RegexGenerator.g.cs" line-rate="1" branch-rate="1" complexity="1">
          <methods>
            <method name="CreateInstance" signature="()" line-rate="1" branch-rate="1" complexity="1">
              <lines>
                <line number="282" hits="6" branch="False" />
              </lines>
            </method>
          </methods>
          <lines>
            <line number="282" hits="6" branch="False" />
          </lines>
        </class>
        <class name="System.Text.RegularExpressions.Generated.&lt;RegexGenerator_g&gt;F2866C37F114E33BC1EBEFBB4C8AAD0C1493ED10F073F4A56865E74B4DA77314D__MarkdownLinkRegex_1/RunnerFactory/Runner" filename="obj\Debug\net10.0\System.Text.RegularExpressions.Generator\System.Text.RegularExpressions.Generator.RegexGenerator\RegexGenerator.g.cs" line-rate="0.1562" branch-rate="0.1666" complexity="36">
          <methods>
            <method name="Scan" signature="(System.ReadOnlySpan`1&lt;System.Char&gt;)" line-rate="0.41659999999999997" branch-rate="0.375" complexity="8">
              <lines>
                <line number="290" hits="236" branch="False" />
                <line number="292" hits="236" branch="True" condition-coverage="50% (3/6)">
                  <conditions>
                    <condition number="78" type="jump" coverage="50%" />
                    <condition number="44" type="jump" coverage="50%" />
                    <condition number="53" type="jump" coverage="50%" />
                  </conditions>
                </line>
                <line number="293" hits="236" branch="False" />
                <line number="294" hits="236" branch="False" />
                <line number="295" hits="0" branch="False" />
                <line number="296" hits="0" branch="False" />
                <line number="297" hits="0" branch="True" condition-coverage="0% (0/2)">
                  <conditions>
                    <condition number="25" type="jump" coverage="0%" />
                  </conditions>
                </line>
                <line number="298" hits="0" branch="False" />
                <line number="299" hits="0" branch="False" />
                <line number="300" hits="0" branch="False" />
                <line number="301" hits="0" branch="False" />
                <line number="302" hits="236" branch="False" />
              </lines>
            </method>
            <method name="TryFindNextPossibleStartingPosition" signature="(System.ReadOnlySpan`1&lt;System.Char&gt;)" line-rate="0.7692" branch-rate="0.75" complexity="4">
              <lines>
                <line number="308" hits="236" branch="False" />
                <line number="309" hits="236" branch="False" />
                <line number="312" hits="236" branch="True" condition-coverage="100% (2/2)">
                  <conditions>
                    <condition number="25" type="jump" coverage="100%" />
                  </conditions>
                </line>
                <line number="313" hits="236" branch="False" />
                <line number="316" hits="236" branch="False" />
                <line number="317" hits="236" branch="True" condition-coverage="50% (1/2)">
                  <conditions>
                    <condition number="53" type="jump" coverage="50%" />
                  </conditions>
                </line>
                <line number="318" hits="0" branch="False" />
                <line number="319" hits="0" branch="False" />
                <line number="320" hits="0" branch="False" />
                <line number="322" hits="236" branch="False" />
                <line number="325" hits="236" branch="False" />
                <line number="326" hits="236" branch="False" />
                <line number="327" hits="236" branch="False" />
              </lines>
            </method>
            <method name="TryMatchAtCurrentPosition" signature="(System.ReadOnlySpan`1&lt;System.Char&gt;)" line-rate="0" branch-rate="0" complexity="22">
              <lines>
                <line number="333" hits="0" branch="False" />
                <line number="334" hits="0" branch="False" />
                <line number="335" hits="0" branch="False" />
                <line number="336" hits="0" branch="False" />
                <line number="337" hits="0" branch="False" />
                <line number="338" hits="0" branch="False" />
                <line number="339" hits="0" branch="False" />
                <line number="342" hits="0" branch="True" condition-coverage="0% (0/4)">
                  <conditions>
                    <condition number="34" type="jump" coverage="0%" />
                    <condition number="59" type="jump" coverage="0%" />
                  </conditions>
                </line>
                <line number="343" hits="0" branch="False" />
                <line number="344" hits="0" branch="False" />
                <line number="345" hits="0" branch="False" />
                <line number="350" hits="0" branch="False" />
                <line number="351" hits="0" branch="False" />
                <line number="352" hits="0" branch="False" />
                <line number="356" hits="0" branch="False" />
                <line number="357" hits="0" branch="False" />
                <line number="359" hits="0" branch="False" />
                <line number="360" hits="0" branch="False" />
                <line number="361" hits="0" branch="True" condition-coverage="0% (0/2)">
                  <conditions>
                    <condition number="120" type="jump" coverage="0%" />
                  </conditions>
                </line>
                <line number="362" hits="0" branch="False" />
                <line number="363" hits="0" branch="False" />
                <line number="364" hits="0" branch="False" />
                <line number="366" hits="0" branch="False" />
                <line number="367" hits="0" branch="False" />
                <line number="368" hits="0" branch="True" condition-coverage="0% (0/4)">
                  <conditions>
                    <condition number="151" type="jump" coverage="0%" />
                    <condition number="173" type="jump" coverage="0%" />
                  </conditions>
                </line>
                <line number="369" hits="0" branch="False" />
                <line number="370" hits="0" branch="False" />
                <line number="371" hits="0" branch="False" />
                <line number="373" hits="0" branch="False" />
                <line number="374" hits="0" branch="False" />
                <line number="375" hits="0" branch="False" />
                <line number="376" hits="0" branch="True" condition-coverage="0% (0/4)">
                  <conditions>
                    <condition number="228" type="jump" coverage="0%" />
                    <condition number="251" type="jump" coverage="0%" />
                  </conditions>
                </line>
                <line number="377" hits="0" branch="False" />
                <line number="378" hits="0" branch="False" />
                <line number="379" hits="0" branch="False" />
                <line number="381" hits="0" branch="False" />
                <line number="382" hits="0" branch="False" />
                <line number="383" hits="0" branch="False" />
                <line number="385" hits="0" branch="False" />
                <line number="386" hits="0" branch="False" />
                <line number="389" hits="0" branch="False" />
                <line number="391" hits="0" branch="False" />
                <line number="393" hits="0" branch="False" />
                <line number="394" hits="0" branch="False" />
                <line number="396" hits="0" branch="False" />
                <line number="400" hits="0" branch="True" condition-coverage="0% (0/2)">
                  <conditions>
                    <condition number="340" type="jump" coverage="0%" />
                  </conditions>
                </line>
                <line number="401" hits="0" branch="False" />
                <line number="402" hits="0" branch="False" />
                <line number="406" hits="0" branch="False" />
                <line number="407" hits="0" branch="False" />
                <line number="408" hits="0" branch="True" condition-coverage="0% (0/2)">
                  <conditions>
                    <condition number="372" type="jump" coverage="0%" />
                  </conditions>
                </line>
                <line number="409" hits="0" branch="False" />
                <line number="410" hits="0" branch="False" />
                <line number="411" hits="0" branch="False" />
                <line number="413" hits="0" branch="False" />
                <line number="414" hits="0" branch="False" />
                <line number="415" hits="0" branch="False" />
                <line number="418" hits="0" branch="True" condition-coverage="0% (0/4)">
                  <conditions>
                    <condition number="412" type="jump" coverage="0%" />
                    <condition number="437" type="jump" coverage="0%" />
                  </conditions>
                </line>
                <line number="419" hits="0" branch="False" />
                <line number="420" hits="0" branch="False" />
                <line number="424" hits="0" branch="False" />
                <line number="425" hits="0" branch="False" />
                <line number="426" hits="0" branch="False" />
                <line number="427" hits="0" branch="False" />
                <line number="438" hits="0" branch="False" />
              </lines>
            </method>
            <method name="&lt;TryMatchAtCurrentPosition&gt;g__UncaptureUntil|2_0" signature="(System.Int32)" line-rate="0" branch-rate="0" complexity="2">
              <lines>
                <line number="432" hits="0" branch="False" />
                <line number="433" hits="0" branch="True" condition-coverage="0% (0/2)">
                  <conditions>
                    <condition number="23" type="jump" coverage="0%" />
                  </conditions>
                </line>
                <line number="434" hits="0" branch="False" />
                <line number="435" hits="0" branch="False" />
                <line number="436" hits="0" branch="False" />
                <line number="437" hits="0" branch="False" />
              </lines>
            </method>
          </methods>
          <lines>
            <line number="290" hits="236" branch="False" />
            <line number="292" hits="236" branch="True" condition-coverage="50% (3/6)">
              <conditions>
                <condition number="78" type="jump" coverage="50%" />
                <condition number="44" type="jump" coverage="50%" />
                <condition number="53" type="jump" coverage="50%" />
              </conditions>
            </line>
            <line number="293" hits="236" branch="False" />
            <line number="294" hits="236" branch="False" />
            <line number="295" hits="0" branch="False" />
            <line number="296" hits="0" branch="False" />
            <line number="297" hits="0" branch="True" condition-coverage="0% (0/2)">
              <conditions>
                <condition number="25" type="jump" coverage="0%" />
              </conditions>
            </line>
            <line number="298" hits="0" branch="False" />
            <line number="299" hits="0" branch="False" />
            <line number="300" hits="0" branch="False" />
            <line number="301" hits="0" branch="False" />
            <line number="302" hits="236" branch="False" />
            <line number="308" hits="236" branch="False" />
            <line number="309" hits="236" branch="False" />
            <line number="312" hits="236" branch="True" condition-coverage="100% (2/2)">
              <conditions>
                <condition number="25" type="jump" coverage="100%" />
              </conditions>
            </line>
            <line number="313" hits="236" branch="False" />
            <line number="316" hits="236" branch="False" />
            <line number="317" hits="236" branch="True" condition-coverage="50% (1/2)">
              <conditions>
                <condition number="53" type="jump" coverage="50%" />
              </conditions>
            </line>
            <line number="318" hits="0" branch="False" />
            <line number="319" hits="0" branch="False" />
            <line number="320" hits="0" branch="False" />
            <line number="322" hits="236" branch="False" />
            <line number="325" hits="236" branch="False" />
            <line number="326" hits="236" branch="False" />
            <line number="327" hits="236" branch="False" />
            <line number="333" hits="0" branch="False" />
            <line number="334" hits="0" branch="False" />
            <line number="335" hits="0" branch="False" />
            <line number="336" hits="0" branch="False" />
            <line number="337" hits="0" branch="False" />
            <line number="338" hits="0" branch="False" />
            <line number="339" hits="0" branch="False" />
            <line number="342" hits="0" branch="True" condition-coverage="0% (0/4)">
              <conditions>
                <condition number="34" type="jump" coverage="0%" />
                <condition number="59" type="jump" coverage="0%" />
              </conditions>
            </line>
            <line number="343" hits="0" branch="False" />
            <line number="344" hits="0" branch="False" />
            <line number="345" hits="0" branch="False" />
            <line number="350" hits="0" branch="False" />
            <line number="351" hits="0" branch="False" />
            <line number="352" hits="0" branch="False" />
            <line number="356" hits="0" branch="False" />
            <line number="357" hits="0" branch="False" />
            <line number="359" hits="0" branch="False" />
            <line number="360" hits="0" branch="False" />
            <line number="361" hits="0" branch="True" condition-coverage="0% (0/2)">
              <conditions>
                <condition number="120" type="jump" coverage="0%" />
              </conditions>
            </line>
            <line number="362" hits="0" branch="False" />
            <line number="363" hits="0" branch="False" />
            <line number="364" hits="0" branch="False" />
            <line number="366" hits="0" branch="False" />
            <line number="367" hits="0" branch="False" />
            <line number="368" hits="0" branch="True" condition-coverage="0% (0/4)">
              <conditions>
                <condition number="151" type="jump" coverage="0%" />
                <condition number="173" type="jump" coverage="0%" />
              </conditions>
            </line>
            <line number="369" hits="0" branch="False" />
            <line number="370" hits="0" branch="False" />
            <line number="371" hits="0" branch="False" />
            <line number="373" hits="0" branch="False" />
            <line number="374" hits="0" branch="False" />
            <line number="375" hits="0" branch="False" />
            <line number="376" hits="0" branch="True" condition-coverage="0% (0/4)">
              <conditions>
                <condition number="228" type="jump" coverage="0%" />
                <condition number="251" type="jump" coverage="0%" />
              </conditions>
            </line>
            <line number="377" hits="0" branch="False" />
            <line number="378" hits="0" branch="False" />
            <line number="379" hits="0" branch="False" />
            <line number="381" hits="0" branch="False" />
            <line number="382" hits="0" branch="False" />
            <line number="383" hits="0" branch="False" />
            <line number="385" hits="0" branch="False" />
            <line number="386" hits="0" branch="False" />
            <line number="389" hits="0" branch="False" />
            <line number="391" hits="0" branch="False" />
            <line number="393" hits="0" branch="False" />
            <line number="394" hits="0" branch="False" />
            <line number="396" hits="0" branch="False" />
            <line number="400" hits="0" branch="True" condition-coverage="0% (0/2)">
              <conditions>
                <condition number="340" type="jump" coverage="0%" />
              </conditions>
            </line>
            <line number="401" hits="0" branch="False" />
            <line number="402" hits="0" branch="False" />
            <line number="406" hits="0" branch="False" />
            <line number="407" hits="0" branch="False" />
            <line number="408" hits="0" branch="True" condition-coverage="0% (0/2)">
              <conditions>
                <condition number="372" type="jump" coverage="0%" />
              </conditions>
            </line>
            <line number="409" hits="0" branch="False" />
            <line number="410" hits="0" branch="False" />
            <line number="411" hits="0" branch="False" />
            <line number="413" hits="0" branch="False" />
            <line number="414" hits="0" branch="False" />
            <line number="415" hits="0" branch="False" />
            <line number="418" hits="0" branch="True" condition-coverage="0% (0/4)">
              <conditions>
                <condition number="412" type="jump" coverage="0%" />
                <condition number="437" type="jump" coverage="0%" />
              </conditions>
            </line>
            <line number="419" hits="0" branch="False" />
            <line number="420" hits="0" branch="False" />
            <line number="424" hits="0" branch="False" />
            <line number="425" hits="0" branch="False" />
            <line number="426" hits="0" branch="False" />
            <line number="427" hits="0" branch="False" />
            <line number="438" hits="0" branch="False" />
            <line number="432" hits="0" branch="False" />
            <line number="433" hits="0" branch="True" condition-coverage="0% (0/2)">
              <conditions>
                <condition number="23" type="jump" coverage="0%" />
              </conditions>
            </line>
            <line number="434" hits="0" branch="False" />
            <line number="435" hits="0" branch="False" />
            <line number="436" hits="0" branch="False" />
            <line number="437" hits="0" branch="False" />
          </lines>
        </class>
        <class name="System.Text.RegularExpressions.Generated.&lt;RegexGenerator_g&gt;F2866C37F114E33BC1EBEFBB4C8AAD0C1493ED10F073F4A56865E74B4DA77314D__MultiWhitespaceRegex_2" filename="obj\Debug\net10.0\System.Text.RegularExpressions.Generator\System.Text.RegularExpressions.Generator.RegexGenerator\RegexGenerator.g.cs" line-rate="1" branch-rate="1" complexity="2">
          <methods>
            <method name=".ctor" signature="()" line-rate="1" branch-rate="1" complexity="1">
              <lines>
                <line number="452" hits="1" branch="False" />
                <line number="453" hits="1" branch="False" />
                <line number="454" hits="1" branch="False" />
                <line number="455" hits="1" branch="False" />
                <line number="456" hits="1" branch="False" />
                <line number="457" hits="1" branch="False" />
                <line number="458" hits="1" branch="False" />
                <line number="459" hits="1" branch="False" />
                <line number="460" hits="1" branch="False" />
              </lines>
            </method>
            <method name=".cctor" signature="()" line-rate="1" branch-rate="1" complexity="1">
              <lines>
                <line number="449" hits="1" branch="False" />
              </lines>
            </method>
          </methods>
          <lines>
            <line number="452" hits="1" branch="False" />
            <line number="453" hits="1" branch="False" />
            <line number="454" hits="1" branch="False" />
            <line number="455" hits="1" branch="False" />
            <line number="456" hits="1" branch="False" />
            <line number="457" hits="1" branch="False" />
            <line number="458" hits="1" branch="False" />
            <line number="459" hits="1" branch="False" />
            <line number="460" hits="1" branch="False" />
            <line number="449" hits="1" branch="False" />
          </lines>
        </class>
        <class name="System.Text.RegularExpressions.Generated.&lt;RegexGenerator_g&gt;F2866C37F114E33BC1EBEFBB4C8AAD0C1493ED10F073F4A56865E74B4DA77314D__MultiWhitespaceRegex_2/RunnerFactory" filename="obj\Debug\net10.0\System.Text.RegularExpressions.Generator\System.Text.RegularExpressions.Generator.RegexGenerator\RegexGenerator.g.cs" line-rate="1" branch-rate="1" complexity="1">
          <methods>
            <method name="CreateInstance" signature="()" line-rate="1" branch-rate="1" complexity="1">
              <lines>
                <line number="466" hits="9" branch="False" />
              </lines>
            </method>
          </methods>
          <lines>
            <line number="466" hits="9" branch="False" />
          </lines>
        </class>
        <class name="System.Text.RegularExpressions.Generated.&lt;RegexGenerator_g&gt;F2866C37F114E33BC1EBEFBB4C8AAD0C1493ED10F073F4A56865E74B4DA77314D__MultiWhitespaceRegex_2/RunnerFactory/Runner" filename="obj\Debug\net10.0\System.Text.RegularExpressions.Generator\System.Text.RegularExpressions.Generator.RegexGenerator\RegexGenerator.g.cs" line-rate="0.8" branch-rate="0.6666" complexity="18">
          <methods>
            <method name="Scan" signature="(System.ReadOnlySpan`1&lt;System.Char&gt;)" line-rate="0.41659999999999997" branch-rate="0.5" complexity="8">
              <lines>
                <line number="474" hits="1031" branch="False" />
                <line number="476" hits="1031" branch="True" condition-coverage="66.66% (4/6)">
                  <conditions>
                    <condition number="78" type="jump" coverage="50%" />
                    <condition number="44" type="jump" coverage="100%" />
                    <condition number="53" type="jump" coverage="50%" />
                  </conditions>
                </line>
                <line number="477" hits="1031" branch="False" />
                <line number="478" hits="1031" branch="False" />
                <line number="479" hits="0" branch="False" />
                <line number="480" hits="0" branch="False" />
                <line number="481" hits="0" branch="True" condition-coverage="0% (0/2)">
                  <conditions>
                    <condition number="25" type="jump" coverage="0%" />
                  </conditions>
                </line>
                <line number="482" hits="0" branch="False" />
                <line number="483" hits="0" branch="False" />
                <line number="484" hits="0" branch="False" />
                <line number="485" hits="0" branch="False" />
                <line number="486" hits="1031" branch="False" />
              </lines>
            </method>
            <method name="TryFindNextPossibleStartingPosition" signature="(System.ReadOnlySpan`1&lt;System.Char&gt;)" line-rate="1" branch-rate="1" complexity="4">
              <lines>
                <line number="492" hits="1031" branch="False" />
                <line number="493" hits="1031" branch="False" />
                <line number="496" hits="1031" branch="True" condition-coverage="100% (2/2)">
                  <conditions>
                    <condition number="20" type="jump" coverage="100%" />
                  </conditions>
                </line>
                <line number="497" hits="1030" branch="False" />
                <line number="500" hits="1030" branch="False" />
                <line number="501" hits="1030" branch="True" condition-coverage="100% (2/2)">
                  <conditions>
                    <condition number="51" type="jump" coverage="100%" />
                  </conditions>
                </line>
                <line number="502" hits="755" branch="False" />
                <line number="503" hits="755" branch="False" />
                <line number="504" hits="755" branch="False" />
                <line number="506" hits="275" branch="False" />
                <line number="509" hits="276" branch="False" />
                <line number="510" hits="276" branch="False" />
                <line number="511" hits="1031" branch="False" />
              </lines>
            </method>
            <method name="TryMatchAtCurrentPosition" signature="(System.ReadOnlySpan`1&lt;System.Char&gt;)" line-rate="0.9" branch-rate="0.6666" complexity="6">
              <lines>
                <line number="517" hits="755" branch="False" />
                <line number="518" hits="755" branch="False" />
                <line number="519" hits="755" branch="False" />
                <line number="520" hits="755" branch="False" />
                <line number="523" hits="755" branch="False" />
                <line number="524" hits="755" branch="False" />
                <line number="525" hits="1510" branch="True" condition-coverage="75% (3/4)">
                  <conditions>
                    <condition number="61" type="jump" coverage="100%" />
                    <condition number="38" type="jump" coverage="50%" />
                  </conditions>
                </line>
                <line number="526" hits="755" branch="False" />
                <line number="527" hits="755" branch="False" />
                <line number="528" hits="755" branch="False" />
                <line number="530" hits="755" branch="True" condition-coverage="50% (1/2)">
                  <conditions>
                    <condition number="71" type="jump" coverage="50%" />
                  </conditions>
                </line>
                <line number="531" hits="0" branch="False" />
                <line number="532" hits="0" branch="False" />
                <line number="535" hits="755" branch="False" />
                <line number="536" hits="755" branch="False" />
                <line number="537" hits="755" branch="False" />
                <line number="540" hits="755" branch="False" />
                <line number="541" hits="755" branch="False" />
                <line number="542" hits="755" branch="False" />
                <line number="543" hits="755" branch="False" />
              </lines>
            </method>
          </methods>
          <lines>
            <line number="474" hits="1031" branch="False" />
            <line number="476" hits="1031" branch="True" condition-coverage="66.66% (4/6)">
              <conditions>
                <condition number="78" type="jump" coverage="50%" />
                <condition number="44" type="jump" coverage="100%" />
                <condition number="53" type="jump" coverage="50%" />
              </conditions>
            </line>
            <line number="477" hits="1031" branch="False" />
            <line number="478" hits="1031" branch="False" />
            <line number="479" hits="0" branch="False" />
            <line number="480" hits="0" branch="False" />
            <line number="481" hits="0" branch="True" condition-coverage="0% (0/2)">
              <conditions>
                <condition number="25" type="jump" coverage="0%" />
              </conditions>
            </line>
            <line number="482" hits="0" branch="False" />
            <line number="483" hits="0" branch="False" />
            <line number="484" hits="0" branch="False" />
            <line number="485" hits="0" branch="False" />
            <line number="486" hits="1031" branch="False" />
            <line number="492" hits="1031" branch="False" />
            <line number="493" hits="1031" branch="False" />
            <line number="496" hits="1031" branch="True" condition-coverage="100% (2/2)">
              <conditions>
                <condition number="20" type="jump" coverage="100%" />
              </conditions>
            </line>
            <line number="497" hits="1030" branch="False" />
            <line number="500" hits="1030" branch="False" />
            <line number="501" hits="1030" branch="True" condition-coverage="100% (2/2)">
              <conditions>
                <condition number="51" type="jump" coverage="100%" />
              </conditions>
            </line>
            <line number="502" hits="755" branch="False" />
            <line number="503" hits="755" branch="False" />
            <line number="504" hits="755" branch="False" />
            <line number="506" hits="275" branch="False" />
            <line number="509" hits="276" branch="False" />
            <line number="510" hits="276" branch="False" />
            <line number="511" hits="1031" branch="False" />
            <line number="517" hits="755" branch="False" />
            <line number="518" hits="755" branch="False" />
            <line number="519" hits="755" branch="False" />
            <line number="520" hits="755" branch="False" />
            <line number="523" hits="755" branch="False" />
            <line number="524" hits="755" branch="False" />
            <line number="525" hits="1510" branch="True" condition-coverage="75% (3/4)">
              <conditions>
                <condition number="61" type="jump" coverage="100%" />
                <condition number="38" type="jump" coverage="50%" />
              </conditions>
            </line>
            <line number="526" hits="755" branch="False" />
            <line number="527" hits="755" branch="False" />
            <line number="528" hits="755" branch="False" />
            <line number="530" hits="755" branch="True" condition-coverage="50% (1/2)">
              <conditions>
                <condition number="71" type="jump" coverage="50%" />
              </conditions>
            </line>
            <line number="531" hits="0" branch="False" />
            <line number="532" hits="0" branch="False" />
            <line number="535" hits="755" branch="False" />
            <line number="536" hits="755" branch="False" />
            <line number="537" hits="755" branch="False" />
            <line number="540" hits="755" branch="False" />
            <line number="541" hits="755" branch="False" />
            <line number="542" hits="755" branch="False" />
            <line number="543" hits="755" branch="False" />
          </lines>
        </class>
        <class name="System.Text.RegularExpressions.Generated.&lt;RegexGenerator_g&gt;F2866C37F114E33BC1EBEFBB4C8AAD0C1493ED10F073F4A56865E74B4DA77314D__Utilities" filename="obj\Debug\net10.0\System.Text.RegularExpressions.Generator\System.Text.RegularExpressions.Generator.RegexGenerator\RegexGenerator.g.cs" line-rate="1" branch-rate="0.5" complexity="2">
          <methods>
            <method name=".cctor" signature="()" line-rate="1" branch-rate="0.5" complexity="2">
              <lines>
                <line number="554" hits="1" branch="True" condition-coverage="50% (1/2)">
                  <conditions>
                    <condition number="17" type="jump" coverage="50%" />
                  </conditions>
                </line>
                <line number="557" hits="1" branch="False" />
                <line number="560" hits="1" branch="False" />
              </lines>
            </method>
          </methods>
          <lines>
            <line number="554" hits="1" branch="True" condition-coverage="50% (1/2)">
              <conditions>
                <condition number="17" type="jump" coverage="50%" />
              </conditions>
            </line>
            <line number="557" hits="1" branch="False" />
            <line number="560" hits="1" branch="False" />
          </lines>
        </class>
        <class name="QuartzKnowledgeMcp.Api.Silver.RuleBasedSilverNormalizer" filename="obj\Debug\net10.0\System.Text.RegularExpressions.Generator\System.Text.RegularExpressions.Generator.RegexGenerator\RegexGenerator.g.cs" line-rate="1" branch-rate="1" complexity="3">
          <methods>
            <method name="BulletPrefixRegex" signature="()" line-rate="1" branch-rate="1" complexity="1">
              <lines>
                <line number="28" hits="79" branch="False" />
              </lines>
            </method>
            <method name="MarkdownLinkRegex" signature="()" line-rate="1" branch-rate="1" complexity="1">
              <lines>
                <line number="52" hits="236" branch="False" />
              </lines>
            </method>
            <method name="MultiWhitespaceRegex" signature="()" line-rate="1" branch-rate="1" complexity="1">
              <lines>
                <line number="71" hits="276" branch="False" />
              </lines>
            </method>
          </methods>
          <lines>
            <line number="28" hits="79" branch="False" />
            <line number="52" hits="236" branch="False" />
            <line number="71" hits="276" branch="False" />
          </lines>
        </class>
        <class name="QuartzKnowledgeMcp.Api.Silver.RuleBasedSilverNormalizer" filename="Silver\RuleBasedSilverNormalizer.cs" line-rate="0.7698" branch-rate="0.6416" complexity="124">
          <methods>
            <method name="Normalize" signature="(QuartzKnowledgeMcp.Api.Bronze.BronzeSource)" line-rate="1" branch-rate="0.75" complexity="4">
              <lines>
                <line number="34" hits="40" branch="False" />
                <line number="35" hits="40" branch="False" />
                <line number="37" hits="40" branch="False" />
                <line number="38" hits="40" branch="True" condition-coverage="75% (3/4)">
                  <conditions>
                    <condition number="32" type="jump" coverage="100%" />
                    <condition number="47" type="jump" coverage="50%" />
                  </conditions>
                </line>
                <line number="39" hits="40" branch="False" />
                <line number="40" hits="40" branch="False" />
                <line number="41" hits="40" branch="False" />
                <line number="42" hits="40" branch="False" />
                <line number="43" hits="40" branch="False" />
                <line number="45" hits="40" branch="False" />
                <line number="46" hits="40" branch="False" />
              </lines>
            </method>
            <method name="NormalizeLines" signature="(System.String)" line-rate="0.7222" branch-rate="0.6666" complexity="6">
              <lines>
                <line number="49" hits="40" branch="False" />
                <line number="50" hits="40" branch="False" />
                <line number="51" hits="40" branch="False" />
                <line number="53" hits="868" branch="True" condition-coverage="100% (2/2)">
                  <conditions>
                    <condition number="119" type="jump" coverage="100%" />
                  </conditions>
                </line>
                <line number="54" hits="374" branch="False" />
                <line number="55" hits="374" branch="False" />
                <line number="56" hits="374" branch="False" />
                <line number="58" hits="374" branch="True" condition-coverage="50% (1/2)">
                  <conditions>
                    <condition number="81" type="jump" coverage="50%" />
                  </conditions>
                </line>
                <line number="59" hits="0" branch="False" />
                <line number="60" hits="0" branch="False" />
                <line number="61" hits="0" branch="False" />
                <line number="64" hits="374" branch="True" condition-coverage="50% (1/2)">
                  <conditions>
                    <condition number="96" type="jump" coverage="50%" />
                  </conditions>
                </line>
                <line number="65" hits="0" branch="False" />
                <line number="66" hits="0" branch="False" />
                <line number="69" hits="374" branch="False" />
                <line number="70" hits="374" branch="False" />
                <line number="72" hits="40" branch="False" />
                <line number="73" hits="40" branch="False" />
              </lines>
            </method>
            <method name="ExtractName" signature="(System.Collections.Generic.IReadOnlyList`1&lt;System.String&gt;)" line-rate="0.75" branch-rate="0.8" complexity="10">
              <lines>
                <line number="76" hits="40" branch="False" />
                <line number="77" hits="161" branch="True" condition-coverage="100% (2/2)">
                  <conditions>
                    <condition number="148" type="jump" coverage="100%" />
                  </conditions>
                </line>
                <line number="78" hits="40" branch="False" />
                <line number="79" hits="40" branch="False" />
                <line number="80" hits="40" branch="True" condition-coverage="100% (4/4)">
                  <conditions>
                    <condition number="35" type="jump" coverage="100%" />
                    <condition number="48" type="jump" coverage="100%" />
                  </conditions>
                </line>
                <line number="81" hits="1" branch="False" />
                <line number="82" hits="1" branch="False" />
                <line number="85" hits="39" branch="True" condition-coverage="50% (1/2)">
                  <conditions>
                    <condition number="69" type="jump" coverage="50%" />
                  </conditions>
                </line>
                <line number="86" hits="39" branch="False" />
                <line number="87" hits="39" branch="False" />
                <line number="90" hits="0" branch="True" condition-coverage="50% (1/2)">
                  <conditions>
                    <condition number="120" type="jump" coverage="50%" />
                  </conditions>
                </line>
                <line number="91" hits="0" branch="False" />
                <line number="92" hits="0" branch="False" />
                <line number="95" hits="0" branch="False" />
                <line number="98" hits="1" branch="False" />
                <line number="99" hits="40" branch="False" />
              </lines>
            </method>
            <method name="ExtractSummary" signature="(System.Collections.Generic.IReadOnlyList`1&lt;System.String&gt;,System.String)" line-rate="0.6444" branch-rate="0.6764" complexity="34">
              <lines>
                <line number="102" hits="40" branch="False" />
                <line number="103" hits="40" branch="False" />
                <line number="104" hits="40" branch="False" />
                <line number="106" hits="395" branch="True" condition-coverage="100% (2/2)">
                  <conditions>
                    <condition number="347" type="jump" coverage="100%" />
                  </conditions>
                </line>
                <line number="107" hits="157" branch="False" />
                <line number="108" hits="157" branch="False" />
                <line number="109" hits="157" branch="True" condition-coverage="100% (2/2)">
                  <conditions>
                    <condition number="51" type="jump" coverage="100%" />
                  </conditions>
                </line>
                <line number="110" hits="79" branch="False" />
                <line number="111" hits="79" branch="True" condition-coverage="100% (2/2)">
                  <conditions>
                    <condition number="67" type="jump" coverage="100%" />
                  </conditions>
                </line>
                <line number="112" hits="39" branch="False" />
                <line number="113" hits="39" branch="False" />
                <line number="116" hits="40" branch="False" />
                <line number="119" hits="78" branch="True" condition-coverage="50% (1/2)">
                  <conditions>
                    <condition number="91" type="jump" coverage="50%" />
                  </conditions>
                </line>
                <line number="120" hits="0" branch="False" />
                <line number="121" hits="0" branch="False" />
                <line number="124" hits="78" branch="True" condition-coverage="83.33% (5/6)">
                  <conditions>
                    <condition number="100" type="jump" coverage="100%" />
                    <condition number="115" type="jump" coverage="50%" />
                    <condition number="134" type="jump" coverage="100%" />
                  </conditions>
                </line>
                <line number="125" hits="39" branch="False" />
                <line number="126" hits="39" branch="False" />
                <line number="127" hits="39" branch="False" />
                <line number="130" hits="39" branch="True" condition-coverage="50% (1/2)">
                  <conditions>
                    <condition number="161" type="jump" coverage="50%" />
                  </conditions>
                </line>
                <line number="131" hits="0" branch="False" />
                <line number="132" hits="0" branch="True" condition-coverage="50% (1/2)">
                  <conditions>
                    <condition number="177" type="jump" coverage="50%" />
                  </conditions>
                </line>
                <line number="133" hits="0" branch="False" />
                <line number="134" hits="0" branch="False" />
                <line number="137" hits="0" branch="False" />
                <line number="140" hits="39" branch="True" condition-coverage="50% (3/6)">
                  <conditions>
                    <condition number="197" type="jump" coverage="50%" />
                    <condition number="212" type="jump" coverage="50%" />
                    <condition number="234" type="jump" coverage="50%" />
                  </conditions>
                </line>
                <line number="141" hits="0" branch="False" />
                <line number="142" hits="0" branch="True" condition-coverage="50% (1/2)">
                  <conditions>
                    <condition number="250" type="jump" coverage="50%" />
                  </conditions>
                </line>
                <line number="143" hits="0" branch="False" />
                <line number="144" hits="0" branch="False" />
                <line number="147" hits="0" branch="False" />
                <line number="150" hits="39" branch="False" />
                <line number="151" hits="39" branch="True" condition-coverage="50% (2/4)">
                  <conditions>
                    <condition number="273" type="jump" coverage="50%" />
                    <condition number="291" type="jump" coverage="50%" />
                  </conditions>
                </line>
                <line number="152" hits="0" branch="False" />
                <line number="153" hits="0" branch="False" />
                <line number="156" hits="39" branch="False" />
                <line number="158" hits="39" branch="True" condition-coverage="50% (1/2)">
                  <conditions>
                    <condition number="335" type="jump" coverage="50%" />
                  </conditions>
                </line>
                <line number="159" hits="0" branch="False" />
                <line number="160" hits="0" branch="False" />
                <line number="162" hits="39" branch="False" />
                <line number="164" hits="40" branch="False" />
                <line number="165" hits="40" branch="True" condition-coverage="100% (2/2)">
                  <conditions>
                    <condition number="388" type="jump" coverage="100%" />
                  </conditions>
                </line>
                <line number="166" hits="40" branch="False" />
                <line number="167" hits="40" branch="False" />
                <line number="168" hits="40" branch="False" />
              </lines>
            </method>
            <method name="ExtractTags" signature="(System.Collections.Generic.IReadOnlyList`1&lt;System.String&gt;,QuartzKnowledgeMcp.Api.Bronze.BronzeSource)" line-rate="1" branch-rate="1" complexity="6">
              <lines>
                <line number="171" hits="40" branch="False" />
                <line number="172" hits="40" branch="False" />
                <line number="173" hits="40" branch="False" />
                <line number="175" hits="40" branch="False" />
                <line number="177" hits="40" branch="True" condition-coverage="100% (2/2)">
                  <conditions>
                    <condition number="55" type="jump" coverage="100%" />
                  </conditions>
                </line>
                <line number="178" hits="39" branch="False" />
                <line number="179" hits="39" branch="False" />
                <line number="180" hits="39" branch="False" />
                <line number="182" hits="1080" branch="True" condition-coverage="100% (2/2)">
                  <conditions>
                    <condition number="145" type="jump" coverage="100%" />
                  </conditions>
                </line>
                <line number="183" hits="480" branch="False" />
                <line number="184" hits="480" branch="True" condition-coverage="100% (2/2)">
                  <conditions>
                    <condition number="120" type="jump" coverage="100%" />
                  </conditions>
                </line>
                <line number="185" hits="126" branch="False" />
                <line number="186" hits="126" branch="False" />
                <line number="187" hits="126" branch="False" />
                <line number="188" hits="480" branch="False" />
                <line number="190" hits="40" branch="False" />
                <line number="191" hits="40" branch="False" />
              </lines>
            </method>
            <method name="ExtractToolDrafts" signature="(System.Collections.Generic.IReadOnlyList`1&lt;System.String&gt;)" line-rate="0.7179000000000001" branch-rate="0.7272" complexity="22">
              <lines>
                <line number="194" hits="40" branch="False" />
                <line number="195" hits="40" branch="False" />
                <line number="196" hits="40" branch="False" />
                <line number="198" hits="868" branch="True" condition-coverage="100% (2/2)">
                  <conditions>
                    <condition number="271" type="jump" coverage="100%" />
                  </conditions>
                </line>
                <line number="199" hits="374" branch="False" />
                <line number="200" hits="374" branch="False" />
                <line number="201" hits="374" branch="True" condition-coverage="100% (2/2)">
                  <conditions>
                    <condition number="49" type="jump" coverage="100%" />
                  </conditions>
                </line>
                <line number="202" hits="148" branch="False" />
                <line number="203" hits="148" branch="True" condition-coverage="50% (2/4)">
                  <conditions>
                    <condition number="53" type="jump" coverage="50%" />
                    <condition number="71" type="jump" coverage="50%" />
                  </conditions>
                </line>
                <line number="204" hits="0" branch="False" />
                <line number="205" hits="0" branch="False" />
                <line number="208" hits="148" branch="False" />
                <line number="211" hits="226" branch="True" condition-coverage="100% (2/2)">
                  <conditions>
                    <condition number="101" type="jump" coverage="100%" />
                  </conditions>
                </line>
                <line number="212" hits="78" branch="False" />
                <line number="213" hits="78" branch="False" />
                <line number="214" hits="78" branch="True" condition-coverage="100% (2/2)">
                  <conditions>
                    <condition number="165" type="jump" coverage="100%" />
                  </conditions>
                </line>
                <line number="215" hits="39" branch="False" />
                <line number="216" hits="39" branch="False" />
                <line number="217" hits="39" branch="False" />
                <line number="220" hits="39" branch="True" condition-coverage="50% (1/2)">
                  <conditions>
                    <condition number="177" type="jump" coverage="50%" />
                  </conditions>
                </line>
                <line number="221" hits="0" branch="False" />
                <line number="222" hits="0" branch="False" />
                <line number="225" hits="39" branch="False" />
                <line number="228" hits="148" branch="True" condition-coverage="100% (2/2)">
                  <conditions>
                    <condition number="192" type="jump" coverage="100%" />
                  </conditions>
                </line>
                <line number="229" hits="108" branch="False" />
                <line number="230" hits="108" branch="False" />
                <line number="233" hits="40" branch="True" condition-coverage="50% (1/2)">
                  <conditions>
                    <condition number="213" type="jump" coverage="50%" />
                  </conditions>
                </line>
                <line number="234" hits="0" branch="False" />
                <line number="235" hits="0" branch="True" condition-coverage="50% (1/2)">
                  <conditions>
                    <condition number="229" type="jump" coverage="50%" />
                  </conditions>
                </line>
                <line number="236" hits="0" branch="False" />
                <line number="237" hits="0" branch="False" />
                <line number="240" hits="0" branch="False" />
                <line number="243" hits="40" branch="False" />
                <line number="245" hits="40" branch="True" condition-coverage="50% (1/2)">
                  <conditions>
                    <condition number="259" type="jump" coverage="50%" />
                  </conditions>
                </line>
                <line number="246" hits="0" branch="False" />
                <line number="247" hits="0" branch="False" />
                <line number="249" hits="40" branch="False" />
                <line number="251" hits="40" branch="False" />
                <line number="252" hits="40" branch="False" />
              </lines>
            </method>
            <method name="TryParseTool" signature="(System.String,QuartzKnowledgeMcp.Api.Silver.SilverToolDraftContent&amp;)" line-rate="0.6086" branch-rate="0.5" complexity="10">
              <lines>
                <line number="255" hits="40" branch="False" />
                <line number="256" hits="40" branch="False" />
                <line number="257" hits="40" branch="False" />
                <line number="258" hits="40" branch="True" condition-coverage="50% (1/2)">
                  <conditions>
                    <condition number="35" type="jump" coverage="50%" />
                  </conditions>
                </line>
                <line number="259" hits="0" branch="False" />
                <line number="260" hits="0" branch="False" />
                <line number="261" hits="0" branch="False" />
                <line number="263" hits="40" branch="True" condition-coverage="50% (1/2)">
                  <conditions>
                    <condition number="63" type="jump" coverage="50%" />
                  </conditions>
                </line>
                <line number="264" hits="0" branch="False" />
                <line number="265" hits="0" branch="False" />
                <line number="266" hits="0" branch="False" />
                <line number="269" hits="40" branch="False" />
                <line number="270" hits="40" branch="True" condition-coverage="50% (1/2)">
                  <conditions>
                    <condition number="105" type="jump" coverage="50%" />
                  </conditions>
                </line>
                <line number="271" hits="40" branch="False" />
                <line number="272" hits="40" branch="False" />
                <line number="273" hits="40" branch="False" />
                <line number="275" hits="40" branch="True" condition-coverage="50% (2/4)">
                  <conditions>
                    <condition number="159" type="jump" coverage="50%" />
                    <condition number="175" type="jump" coverage="50%" />
                  </conditions>
                </line>
                <line number="276" hits="0" branch="False" />
                <line number="277" hits="0" branch="False" />
                <line number="278" hits="0" branch="False" />
                <line number="281" hits="40" branch="False" />
                <line number="282" hits="40" branch="False" />
                <line number="283" hits="40" branch="False" />
              </lines>
            </method>
            <method name="ExtractNameFromUri" signature="(System.String)" line-rate="0.6" branch-rate="0.5" complexity="8">
              <lines>
                <line number="286" hits="1" branch="False" />
                <line number="287" hits="1" branch="True" condition-coverage="50% (2/4)">
                  <conditions>
                    <condition number="7" type="jump" coverage="50%" />
                    <condition number="26" type="jump" coverage="50%" />
                  </conditions>
                </line>
                <line number="288" hits="0" branch="False" />
                <line number="289" hits="0" branch="False" />
                <line number="292" hits="1" branch="True" condition-coverage="50% (1/2)">
                  <conditions>
                    <condition number="45" type="jump" coverage="50%" />
                  </conditions>
                </line>
                <line number="293" hits="1" branch="True" condition-coverage="50% (1/2)">
                  <conditions>
                    <condition number="69" type="jump" coverage="50%" />
                  </conditions>
                </line>
                <line number="294" hits="0" branch="False" />
                <line number="295" hits="0" branch="False" />
                <line number="298" hits="1" branch="False" />
                <line number="299" hits="1" branch="False" />
              </lines>
            </method>
            <method name="HumanizeIdentifier" signature="(System.String)" line-rate="0.8461" branch-rate="0.5" complexity="2">
              <lines>
                <line number="302" hits="1" branch="False" />
                <line number="303" hits="1" branch="False" />
                <line number="304" hits="1" branch="False" />
                <line number="305" hits="1" branch="False" />
                <line number="306" hits="1" branch="False" />
                <line number="307" hits="1" branch="False" />
                <line number="309" hits="1" branch="True" condition-coverage="50% (1/2)">
                  <conditions>
                    <condition number="45" type="jump" coverage="50%" />
                  </conditions>
                </line>
                <line number="310" hits="0" branch="False" />
                <line number="311" hits="0" branch="False" />
                <line number="314" hits="1" branch="False" />
                <line number="315" hits="1" branch="False" />
                <line number="316" hits="3" branch="False" />
                <line number="317" hits="1" branch="False" />
              </lines>
            </method>
            <method name="IsDecorative" signature="(System.String)" line-rate="1" branch-rate="0.5" complexity="4">
              <lines>
                <line number="320" hits="117" branch="False" />
                <line number="321" hits="117" branch="True" condition-coverage="50% (2/4)">
                  <conditions>
                    <condition number="13" type="jump" coverage="50%" />
                    <condition number="27" type="jump" coverage="50%" />
                  </conditions>
                </line>
                <line number="322" hits="117" branch="False" />
                <line number="323" hits="117" branch="False" />
                <line number="324" hits="117" branch="False" />
              </lines>
            </method>
            <method name="IsLikelyStandaloneTitle" signature="(System.String)" line-rate="0" branch-rate="0" complexity="8">
              <lines>
                <line number="327" hits="0" branch="False" />
                <line number="328" hits="0" branch="True" condition-coverage="0% (0/8)">
                  <conditions>
                    <condition number="7" type="jump" coverage="0%" />
                    <condition number="18" type="jump" coverage="0%" />
                    <condition number="29" type="jump" coverage="0%" />
                    <condition number="43" type="jump" coverage="0%" />
                  </conditions>
                </line>
                <line number="329" hits="0" branch="False" />
                <line number="330" hits="0" branch="False" />
                <line number="331" hits="0" branch="False" />
[...]
            <line number="41" hits="43" branch="False" />
            <line number="42" hits="43" branch="False" />
            <line number="43" hits="43" branch="False" />
            <line number="44" hits="43" branch="False" />
            <line number="46" hits="43" branch="False" />
            <line number="47" hits="43" branch="False" />
            <line number="49" hits="43" branch="False" />
            <line number="50" hits="44" branch="False" />
          </lines>
        </class>
        <class name="QuartzKnowledgeMcp.Api.Bronze.BronzeIngestionService/&lt;ListAsync&gt;d__4" filename="Bronze\BronzeIngestionService.cs" line-rate="1" branch-rate="1" complexity="2">
          <methods>
            <method name="MoveNext" signature="()" line-rate="1" branch-rate="1" complexity="2">
              <lines>
                <line number="57" hits="2" branch="False" />
                <line number="58" hits="2" branch="False" />
                <line number="59" hits="2" branch="False" />
                <line number="60" hits="2" branch="False" />
                <line number="62" hits="2" branch="False" />
                <line number="64" hits="2" branch="True" condition-coverage="100% (2/2)">
                  <conditions>
                    <condition number="165" type="jump" coverage="100%" />
                  </conditions>
                </line>
                <line number="65" hits="1" branch="False" />
                <line number="66" hits="1" branch="False" />
                <line number="67" hits="1" branch="False" />
                <line number="69" hits="2" branch="False" />
                <line number="70" hits="2" branch="False" />
                <line number="71" hits="2" branch="False" />
                <line number="72" hits="2" branch="False" />
                <line number="73" hits="2" branch="False" />
                <line number="74" hits="2" branch="False" />
                <line number="75" hits="2" branch="False" />
                <line number="77" hits="2" branch="False" />
                <line number="78" hits="2" branch="False" />
              </lines>
            </method>
          </methods>
          <lines>
            <line number="57" hits="2" branch="False" />
            <line number="58" hits="2" branch="False" />
            <line number="59" hits="2" branch="False" />
            <line number="60" hits="2" branch="False" />
            <line number="62" hits="2" branch="False" />
            <line number="64" hits="2" branch="True" condition-coverage="100% (2/2)">
              <conditions>
                <condition number="165" type="jump" coverage="100%" />
              </conditions>
            </line>
            <line number="65" hits="1" branch="False" />
            <line number="66" hits="1" branch="False" />
            <line number="67" hits="1" branch="False" />
            <line number="69" hits="2" branch="False" />
            <line number="70" hits="2" branch="False" />
            <line number="71" hits="2" branch="False" />
            <line number="72" hits="2" branch="False" />
            <line number="73" hits="2" branch="False" />
            <line number="74" hits="2" branch="False" />
            <line number="75" hits="2" branch="False" />
            <line number="77" hits="2" branch="False" />
            <line number="78" hits="2" branch="False" />
          </lines>
        </class>
        <class name="QuartzKnowledgeMcp.Api.Bronze.BronzeSource" filename="Bronze\BronzeSource.cs" line-rate="1" branch-rate="1" complexity="8">
          <methods>
            <method name="get_Id" signature="()" line-rate="1" branch-rate="1" complexity="1">
              <lines>
                <line number="5" hits="92" branch="False" />
              </lines>
            </method>
            <method name="get_SourceType" signature="()" line-rate="1" branch-rate="1" complexity="1">
              <lines>
                <line number="7" hits="203" branch="False" />
              </lines>
            </method>
            <method name="get_SourceUri" signature="()" line-rate="1" branch-rate="1" complexity="1">
              <lines>
                <line number="9" hits="212" branch="False" />
              </lines>
            </method>
            <method name="get_RawContent" signature="()" line-rate="1" branch-rate="1" complexity="1">
              <lines>
                <line number="11" hits="261" branch="False" />
              </lines>
            </method>
            <method name="get_ContentHash" signature="()" line-rate="1" branch-rate="1" complexity="1">
              <lines>
                <line number="13" hits="143" branch="False" />
              </lines>
            </method>
            <method name="get_Status" signature="()" line-rate="1" branch-rate="1" complexity="1">
              <lines>
                <line number="15" hits="201" branch="False" />
              </lines>
            </method>
            <method name="get_ImportedBy" signature="()" line-rate="1" branch-rate="1" complexity="1">
              <lines>
                <line number="17" hits="45" branch="False" />
              </lines>
            </method>
            <method name="get_ImportedAtUtc" signature="()" line-rate="1" branch-rate="1" complexity="1">
              <lines>
                <line number="19" hits="61" branch="False" />
              </lines>
            </method>
          </methods>
          <lines>
            <line number="5" hits="92" branch="False" />
            <line number="7" hits="203" branch="False" />
            <line number="9" hits="212" branch="False" />
            <line number="11" hits="261" branch="False" />
            <line number="13" hits="143" branch="False" />
            <line number="15" hits="201" branch="False" />
            <line number="17" hits="45" branch="False" />
            <line number="19" hits="61" branch="False" />
          </lines>
        </class>
        <class name="QuartzKnowledgeMcp.Api.Bronze.CreateBronzeSourceRequest" filename="Bronze\BronzeSourceDtos.cs" line-rate="1" branch-rate="1" complexity="5">
          <methods>
            <method name="get_SourceType" signature="()" line-rate="1" branch-rate="1" complexity="1">
              <lines>
                <line number="4" hits="90" branch="False" />
              </lines>
            </method>
            <method name="get_SourceUri" signature="()" line-rate="1" branch-rate="1" complexity="1">
              <lines>
                <line number="5" hits="44" branch="False" />
              </lines>
            </method>
            <method name="get_RawContent" signature="()" line-rate="1" branch-rate="1" complexity="1">
              <lines>
                <line number="6" hits="133" branch="False" />
              </lines>
            </method>
            <method name="get_ImportedBy" signature="()" line-rate="1" branch-rate="1" complexity="1">
              <lines>
                <line number="7" hits="88" branch="False" />
              </lines>
            </method>
            <method name=".ctor" signature="(System.String,System.String,System.String,System.String)" line-rate="1" branch-rate="1" complexity="1">
              <lines>
                <line number="3" hits="45" branch="False" />
              </lines>
            </method>
          </methods>
          <lines>
            <line number="4" hits="90" branch="False" />
            <line number="5" hits="44" branch="False" />
            <line number="6" hits="133" branch="False" />
            <line number="7" hits="88" branch="False" />
            <line number="3" hits="45" branch="False" />
          </lines>
        </class>
        <class name="QuartzKnowledgeMcp.Api.Bronze.OrganizeBronzeSourceRequest" filename="Bronze\BronzeSourceDtos.cs" line-rate="1" branch-rate="1" complexity="2">
          <methods>
            <method name="get_Mode" signature="()" line-rate="1" branch-rate="1" complexity="1">
              <lines>
                <line number="10" hits="26" branch="False" />
              </lines>
            </method>
            <method name=".ctor" signature="(System.String)" line-rate="1" branch-rate="1" complexity="1">
              <lines>
                <line number="9" hits="13" branch="False" />
              </lines>
            </method>
          </methods>
          <lines>
            <line number="10" hits="26" branch="False" />
            <line number="9" hits="13" branch="False" />
          </lines>
        </class>
        <class name="QuartzKnowledgeMcp.Api.Bronze.BronzeSourceResponse" filename="Bronze\BronzeSourceDtos.cs" line-rate="1" branch-rate="1" complexity="6">
          <methods>
            <method name="get_Id" signature="()" line-rate="1" branch-rate="1" complexity="1">
              <lines>
                <line number="13" hits="30" branch="False" />
              </lines>
            </method>
            <method name="get_SourceType" signature="()" line-rate="1" branch-rate="1" complexity="1">
              <lines>
                <line number="14" hits="15" branch="False" />
              </lines>
            </method>
            <method name="get_SourceUri" signature="()" line-rate="1" branch-rate="1" complexity="1">
              <lines>
                <line number="15" hits="15" branch="False" />
              </lines>
            </method>
            <method name="get_Status" signature="()" line-rate="1" branch-rate="1" complexity="1">
              <lines>
                <line number="16" hits="15" branch="False" />
              </lines>
            </method>
            <method name="get_ImportedAtUtc" signature="()" line-rate="1" branch-rate="1" complexity="1">
              <lines>
                <line number="17" hits="31" branch="False" />
              </lines>
            </method>
            <method name=".ctor" signature="(System.Guid,System.String,System.String,System.String,System.DateTime)" line-rate="1" branch-rate="1" complexity="1">
              <lines>
                <line number="12" hits="16" branch="False" />
              </lines>
            </method>
          </methods>
          <lines>
            <line number="13" hits="30" branch="False" />
            <line number="14" hits="15" branch="False" />
            <line number="15" hits="15" branch="False" />
            <line number="16" hits="15" branch="False" />
            <line number="17" hits="31" branch="False" />
            <line number="12" hits="16" branch="False" />
          </lines>
        </class>
        <class name="QuartzKnowledgeMcp.Api.Bronze.BronzeSourceDetailResponse" filename="Bronze\BronzeSourceDtos.cs" line-rate="1" branch-rate="1" complexity="8">
          <methods>
            <method name="get_Id" signature="()" line-rate="1" branch-rate="1" complexity="1">
              <lines>
                <line number="20" hits="2" branch="False" />
              </lines>
            </method>
            <method name="get_SourceType" signature="()" line-rate="1" branch-rate="1" complexity="1">
              <lines>
                <line number="21" hits="2" branch="False" />
              </lines>
            </method>
            <method name="get_SourceUri" signature="()" line-rate="1" branch-rate="1" complexity="1">
              <lines>
                <line number="22" hits="1" branch="False" />
              </lines>
            </method>
            <method name="get_RawContent" signature="()" line-rate="1" branch-rate="1" complexity="1">
              <lines>
                <line number="23" hits="2" branch="False" />
              </lines>
            </method>
            <method name="get_Status" signature="()" line-rate="1" branch-rate="1" complexity="1">
              <lines>
                <line number="24" hits="1" branch="False" />
              </lines>
            </method>
            <method name="get_ImportedBy" signature="()" line-rate="1" branch-rate="1" complexity="1">
              <lines>
                <line number="25" hits="1" branch="False" />
              </lines>
            </method>
            <method name="get_ImportedAtUtc" signature="()" line-rate="1" branch-rate="1" complexity="1">
              <lines>
                <line number="26" hits="3" branch="False" />
              </lines>
            </method>
            <method name=".ctor" signature="(System.Guid,System.String,System.String,System.String,System.String,System.String,System.DateTime)" line-rate="1" branch-rate="1" complexity="1">
              <lines>
                <line number="19" hits="2" branch="False" />
              </lines>
            </method>
          </methods>
          <lines>
            <line number="20" hits="2" branch="False" />
            <line number="21" hits="2" branch="False" />
            <line number="22" hits="1" branch="False" />
            <line number="23" hits="2" branch="False" />
            <line number="24" hits="1" branch="False" />
            <line number="25" hits="1" branch="False" />
            <line number="26" hits="3" branch="False" />
            <line number="19" hits="2" branch="False" />
          </lines>
        </class>
        <class name="QuartzKnowledgeMcp.Api.Bronze.BronzeSourceListResponse" filename="Bronze\BronzeSourceDtos.cs" line-rate="1" branch-rate="1" complexity="5">
          <methods>
            <method name="get_Items" signature="()" line-rate="1" branch-rate="1" complexity="1">
              <lines>
                <line number="29" hits="2" branch="False" />
              </lines>
            </method>
            <method name="get_Page" signature="()" line-rate="1" branch-rate="1" complexity="1">
              <lines>
                <line number="30" hits="2" branch="False" />
              </lines>
            </method>
            <method name="get_PageSize" signature="()" line-rate="1" branch-rate="1" complexity="1">
              <lines>
                <line number="31" hits="2" branch="False" />
              </lines>
            </method>
            <method name="get_TotalCount" signature="()" line-rate="1" branch-rate="1" complexity="1">
              <lines>
                <line number="32" hits="4" branch="False" />
              </lines>
            </method>
            <method name=".ctor" signature="(System.Collections.Generic.IReadOnlyList`1&lt;QuartzKnowledgeMcp.Api.Bronze.BronzeSourceResponse&gt;,System.Int32,System.Int32,System.Int32)" line-rate="1" branch-rate="1" complexity="1">
              <lines>
                <line number="28" hits="2" branch="False" />
              </lines>
            </method>
          </methods>
          <lines>
            <line number="29" hits="2" branch="False" />
            <line number="30" hits="2" branch="False" />
            <line number="31" hits="2" branch="False" />
            <line number="32" hits="4" branch="False" />
            <line number="28" hits="2" branch="False" />
          </lines>
        </class>
        <class name="QuartzKnowledgeMcp.Api.Bronze.BronzeImportResult" filename="Bronze\BronzeSourceDtos.cs" line-rate="1" branch-rate="1" complexity="3">
          <methods>
            <method name="get_Source" signature="()" line-rate="1" branch-rate="1" complexity="1">
              <lines>
                <line number="35" hits="47" branch="False" />
              </lines>
            </method>
            <method name="get_Created" signature="()" line-rate="1" branch-rate="1" complexity="1">
              <lines>
                <line number="36" hits="60" branch="False" />
              </lines>
            </method>
            <method name=".ctor" signature="(QuartzKnowledgeMcp.Api.Bronze.BronzeSource,System.Boolean)" line-rate="1" branch-rate="1" complexity="1">
              <lines>
                <line number="34" hits="44" branch="False" />
              </lines>
            </method>
          </methods>
          <lines>
            <line number="35" hits="47" branch="False" />
            <line number="36" hits="60" branch="False" />
            <line number="34" hits="44" branch="False" />
          </lines>
        </class>
        <class name="QuartzKnowledgeMcp.Api.Bronze.BronzeSourceTypes" filename="Bronze\BronzeSourcePolicies.cs" line-rate="1" branch-rate="0.5" complexity="4">
          <methods>
            <method name="IsAllowed" signature="(System.String)" line-rate="1" branch-rate="0.5" complexity="2">
              <lines>
                <line number="20" hits="46" branch="False" />
                <line number="21" hits="46" branch="True" condition-coverage="50% (1/2)">
                  <conditions>
                    <condition number="7" type="jump" coverage="50%" />
                  </conditions>
                </line>
                <line number="22" hits="46" branch="False" />
                <line number="23" hits="46" branch="False" />
              </lines>
            </method>
            <method name="Normalize" signature="(System.String)" line-rate="1" branch-rate="1" complexity="1">
              <lines>
                <line number="26" hits="44" branch="False" />
                <line number="27" hits="44" branch="False" />
                <line number="28" hits="44" branch="False" />
              </lines>
            </method>
            <method name=".cctor" signature="()" line-rate="1" branch-rate="1" complexity="1">
              <lines>
                <line number="11" hits="1" branch="False" />
                <line number="12" hits="1" branch="False" />
                <line number="13" hits="1" branch="False" />
                <line number="14" hits="1" branch="False" />
                <line number="15" hits="1" branch="False" />
                <line number="16" hits="1" branch="False" />
                <line number="17" hits="1" branch="False" />
              </lines>
            </method>
          </methods>
          <lines>
            <line number="20" hits="46" branch="False" />
            <line number="21" hits="46" branch="True" condition-coverage="50% (1/2)">
              <conditions>
                <condition number="7" type="jump" coverage="50%" />
              </conditions>
            </line>
            <line number="22" hits="46" branch="False" />
            <line number="23" hits="46" branch="False" />
            <line number="26" hits="44" branch="False" />
            <line number="27" hits="44" branch="False" />
            <line number="28" hits="44" branch="False" />
            <line number="11" hits="1" branch="False" />
            <line number="12" hits="1" branch="False" />
            <line number="13" hits="1" branch="False" />
            <line number="14" hits="1" branch="False" />
            <line number="15" hits="1" branch="False" />
            <line number="16" hits="1" branch="False" />
            <line number="17" hits="1" branch="False" />
          </lines>
        </class>
        <class name="QuartzKnowledgeMcp.Api.Bronze.BronzeValidationException" filename="Bronze\BronzeValidationException.cs" line-rate="1" branch-rate="1" complexity="2">
          <methods>
            <method name="get_Errors" signature="()" line-rate="1" branch-rate="1" complexity="1">
              <lines>
                <line number="6" hits="4" branch="False" />
              </lines>
            </method>
            <method name=".ctor" signature="(System.Collections.Generic.IDictionary`2&lt;System.String,System.String[]&gt;)" line-rate="1" branch-rate="1" complexity="1">
              <lines>
                <line number="4" hits="2" branch="False" />
              </lines>
            </method>
          </methods>
          <lines>
            <line number="6" hits="4" branch="False" />
            <line number="4" hits="2" branch="False" />
          </lines>
        </class>
      </classes>
    </package>
  </packages>
</coverage>